Unable to capture context for thread 41484 in process 2532, can not generate back trace
Unable to capture context for thread 37568 in process 2532, can not generate back trace
Unable to capture context for thread 40140 in process 2532, can not generate back trace
Unable to capture context for thread 36624 in process 2532, can not generate back trace
Unable to capture context for thread 41088 in process 2532, can not generate back trace
Unable to capture context for thread 23620 in process 2532, can not generate back trace
Exception at PC 0x00007FF95C77BB93
Printing stacktrace...

Unable to capture context for thread 2572 in process 2532, can not generate back trace
Exception at PC 0x00007FFA01F4CF19
Exception at PC 0x00007FFA01F4CF19
Exception at PC 0x00007FFA01F4CF19
Exception at PC 0x00007FFA01F4CF19
Exception at PC 0x00007FFA01F4CF19
Exception at PC 0x00007FFA01F4CF19
[0]  [0x00007FF95C77BB93]
[1]  [0x00007FF95C77BB93]
[2]  [0x00007FF95C77B4A1]
[3]  [0x00007FF95C77B459]
[4]  [0x00007FF95C7619FE]
[5]  [0x00007FF95C760ED1]
[6]  [0x00007FF95C760D76]
[7]  [0x00007FF95C7079F6]
[8]  [0x00007FF95C6F7AFB]
[9]  [0x00007FF95C81E90A]
[10]  [0x00007FF95C839F87]
[11]  [0x00007FF95C83A05F]
[12] (BaseThreadInitThunk+0x14) [0x00007FFA02E37344]
[13] (RtlUserThreadStart+0x21) [0x00007FFA047A26B1]
Done
Exception at PC 0x00007FFA01F4CF19
Exception at PC 0x00007FFA01F4CF19
Exception at PC 0x00007FFA01F4CF19
Exception at PC 0x00007FFA01F4CF19
Exception at PC 0x00007FFA01F4CF19
Exception at PC 0x00007FFA01F4CF19
Exception at PC 0x00007FFA01F4CF19
Exception at PC 0x00007FFA01F4CF19
Exception at PC 0x00007FFA01F4CF19
Exception at PC 0x00007FFA01F4CF19
Exception at PC 0x00007FFA01F4CF19
Exception at PC 0x00007FFA01F4CF19
